[http-nio-8080-exec-4]  INFO	[2019-04-01 19:12:48,722]  (com.club.servlet.Demo.service(Demo.java:35))  xinxi
[http-nio-8080-exec-5]  INFO	[2019-04-01 19:12:53,188]  (com.club.servlet.Demo.service(Demo.java:35))  xinxi
[http-nio-8080-exec-6]  INFO	[2019-04-01 19:12:53,755]  (com.club.servlet.Demo.service(Demo.java:35))  xinxi
[http-nio-8080-exec-2]  INFO	[2019-04-01 19:23:20,570]  (com.club.servlet.Demo.service(Demo.java:35))  xinxi
[http-nio-8080-exec-5]  INFO	[2019-04-01 19:33:10,204]  (com.club.servlet.Demo.service(Demo.java:35))  xinxi
[http-nio-8080-exec-2]  INFO	[2019-04-01 20:12:46,090]  (com.club.tools.Log.info(Log.java:28))  demoo 日志信息
[http-nio-8080-exec-8]  INFO	[2019-04-01 20:21:44,010]  (com.club.tools.Log.info(Log.java:28))  数据库驱动加载完成
[http-nio-8080-exec-8]  INFO	[2019-04-01 20:21:45,523]  (com.club.tools.Log.info(Log.java:28))  数据连接获取完成
[http-nio-8080-exec-10]  INFO	[2019-04-01 20:23:38,934]  (com.club.tools.Log.info(Log.java:28))  数据库驱动加载完成
[http-nio-8080-exec-10]  INFO	[2019-04-01 20:23:39,330]  (com.club.tools.Log.info(Log.java:28))  数据连接获取完成
[http-nio-8080-exec-14]  INFO	[2019-04-01 20:25:08,514]  (com.club.tools.Log.info(Log.java:28))  数据库驱动加载完成
[http-nio-8080-exec-14]  INFO	[2019-04-01 20:25:08,960]  (com.club.tools.Log.info(Log.java:28))  数据连接获取完成
[http-nio-8080-exec-24]  INFO	[2019-04-01 20:41:25,944]  (com.club.tools.Log.info(Log.java:28))  数据库驱动加载完成
[http-nio-8080-exec-24]  INFO	[2019-04-01 20:41:26,353]  (com.club.tools.Log.info(Log.java:28))  数据连接获取完成
[http-nio-8080-exec-16]  INFO	[2019-04-01 20:52:36,355]  (com.club.tools.Log.info(Log.java:28))  数据库驱动加载完成
[http-nio-8080-exec-16]  INFO	[2019-04-01 20:52:36,722]  (com.club.tools.Log.info(Log.java:28))  数据连接获取完成
[http-nio-8080-exec-27]  INFO	[2019-04-01 20:53:51,164]  (com.club.tools.Log.info(Log.java:28))  数据库驱动加载完成
[http-nio-8080-exec-27]  INFO	[2019-04-01 20:53:51,193]  (com.club.tools.Log.info(Log.java:28))  数据连接获取完成
[http-nio-8080-exec-20]  INFO	[2019-04-01 20:55:15,391]  (com.club.tools.Log.info(Log.java:28))  数据库驱动加载完成
[http-nio-8080-exec-20]  INFO	[2019-04-01 20:55:15,790]  (com.club.tools.Log.info(Log.java:28))  数据连接获取完成
[http-nio-8080-exec-28]  INFO	[2019-04-01 20:55:29,863]  (com.club.tools.Log.info(Log.java:28))  数据库驱动加载完成
[http-nio-8080-exec-28]  INFO	[2019-04-01 20:55:29,882]  (com.club.tools.Log.info(Log.java:28))  数据连接获取完成
[http-nio-8080-exec-23]  INFO	[2019-04-01 20:55:36,233]  (com.club.tools.Log.info(Log.java:28))  数据库驱动加载完成
[http-nio-8080-exec-23]  INFO	[2019-04-01 20:55:36,255]  (com.club.tools.Log.info(Log.java:28))  数据连接获取完成
[http-nio-8080-exec-27]  INFO	[2019-04-01 20:55:45,535]  (com.club.tools.Log.info(Log.java:28))  数据库驱动加载完成
[http-nio-8080-exec-27]  INFO	[2019-04-01 20:55:45,595]  (com.club.tools.Log.info(Log.java:28))  数据连接获取完成
[http-nio-8080-exec-31]  INFO	[2019-04-01 20:56:52,013]  (com.club.tools.Log.info(Log.java:28))  数据库驱动加载完成
[http-nio-8080-exec-31]  INFO	[2019-04-01 20:56:52,033]  (com.club.tools.Log.info(Log.java:28))  数据连接获取完成
[http-nio-8080-exec-34]  INFO	[2019-04-01 20:56:59,304]  (com.club.tools.Log.info(Log.java:28))  数据库驱动加载完成
[http-nio-8080-exec-34]  INFO	[2019-04-01 20:56:59,342]  (com.club.tools.Log.info(Log.java:28))  数据连接获取完成
[http-nio-8080-exec-33]  INFO	[2019-04-01 20:58:42,225]  (com.club.tools.Log.info(Log.java:28))  数据库驱动加载完成
[http-nio-8080-exec-33]  INFO	[2019-04-01 20:58:42,615]  (com.club.tools.Log.info(Log.java:28))  数据连接获取完成
[http-nio-8080-exec-32]  INFO	[2019-04-01 20:59:16,387]  (com.club.tools.Log.info(Log.java:28))  数据库驱动加载完成
[http-nio-8080-exec-32]  INFO	[2019-04-01 20:59:16,799]  (com.club.tools.Log.info(Log.java:28))  数据连接获取完成
[http-nio-8080-exec-41]  INFO	[2019-04-01 20:59:25,714]  (com.club.tools.Log.info(Log.java:28))  数据库驱动加载完成
[http-nio-8080-exec-41]  INFO	[2019-04-01 20:59:25,756]  (com.club.tools.Log.info(Log.java:28))  数据连接获取完成
[http-nio-8080-exec-2]  INFO	[2019-04-01 21:08:53,416]  (com.club.tools.Log.info(Log.java:28))  数据库驱动加载完成
[http-nio-8080-exec-2]  INFO	[2019-04-01 21:08:54,519]  (com.club.tools.Log.info(Log.java:28))  数据连接获取完成
[http-nio-8080-exec-3]  INFO	[2019-04-01 21:09:01,949]  (com.club.tools.Log.info(Log.java:28))  数据库驱动加载完成
[http-nio-8080-exec-3]  INFO	[2019-04-01 21:09:01,975]  (com.club.tools.Log.info(Log.java:28))  数据连接获取完成
[http-nio-8080-exec-4]  INFO	[2019-04-01 21:11:00,611]  (com.club.tools.Log.info(Log.java:28))  数据库驱动加载完成
[http-nio-8080-exec-4]  INFO	[2019-04-01 21:11:01,018]  (com.club.tools.Log.info(Log.java:28))  数据连接获取完成
[http-nio-8080-exec-5]  INFO	[2019-04-01 21:11:05,096]  (com.club.tools.Log.info(Log.java:28))  数据库驱动加载完成
[http-nio-8080-exec-5]  INFO	[2019-04-01 21:11:05,117]  (com.club.tools.Log.info(Log.java:28))  数据连接获取完成
[http-nio-8080-exec-7]  INFO	[2019-04-01 21:11:13,433]  (com.club.tools.Log.info(Log.java:28))  数据库驱动加载完成
[http-nio-8080-exec-7]  INFO	[2019-04-01 21:11:13,447]  (com.club.tools.Log.info(Log.java:28))  数据连接获取完成
[http-nio-8080-exec-8]  INFO	[2019-04-01 21:11:17,098]  (com.club.tools.Log.info(Log.java:28))  数据库驱动加载完成
[http-nio-8080-exec-8]  INFO	[2019-04-01 21:11:17,113]  (com.club.tools.Log.info(Log.java:28))  数据连接获取完成
[http-nio-8080-exec-12]  INFO	[2019-04-01 21:12:59,853]  (com.club.tools.Log.info(Log.java:28))  数据库驱动加载完成
[http-nio-8080-exec-12]  INFO	[2019-04-01 21:12:59,882]  (com.club.tools.Log.info(Log.java:28))  数据连接获取完成
[http-nio-8080-exec-4]  INFO	[2019-04-01 21:17:53,281]  (%f:com.club.tools.Log.info(Log.java:28))  demoo 日志
[http-nio-8080-exec-13]  INFO	[2019-04-01 21:18:41,659]  (%f:com.club.tools.Log.info(Log.java:28))  demoo 日志
[http-nio-8080-exec-31]  INFO	[2019-04-01 22:53:49,023]  com.club.db.dao.imp.DateBase.getCon(DateBase.java:22)  数据库驱动加载完成
[http-nio-8080-exec-31]  INFO	[2019-04-01 22:53:49,048]  com.club.db.dao.imp.DateBase.getCon(DateBase.java:28)  数据连接获取完成
[http-nio-8080-exec-31]  INFO	[2019-04-01 22:53:49,050]  com.club.servlet.Admin.service(Admin.java:55)  学生列表返回前端完成，即将跳转页面
[http-nio-8080-exec-38]  INFO	[2019-04-01 22:53:49,846]  com.club.servlet.Admin.service(Admin.java:66)  专业返回前端完成，即将跳转页面
[http-nio-8080-exec-37]  INFO	[2019-04-01 22:55:32,282]  com.club.db.dao.imp.DateBase.getCon(DateBase.java:22)  数据库驱动加载完成
[http-nio-8080-exec-37]  INFO	[2019-04-01 22:55:32,673]  com.club.db.dao.imp.DateBase.getCon(DateBase.java:28)  数据连接获取完成
[http-nio-8080-exec-37]  INFO	[2019-04-01 22:55:32,739]  com.club.servlet.Admin.service(Admin.java:55)  学生列表返回前端完成，即将跳转页面
[http-nio-8080-exec-31]  INFO	[2019-04-01 22:56:49,864]  com.club.db.dao.imp.DateBase.getCon(DateBase.java:22)  数据库驱动加载完成
[http-nio-8080-exec-31]  INFO	[2019-04-01 22:56:49,891]  com.club.db.dao.imp.DateBase.getCon(DateBase.java:28)  数据连接获取完成
[http-nio-8080-exec-31]  INFO	[2019-04-01 22:56:49,894]  com.club.servlet.Admin.service(Admin.java:55)  学生列表返回前端完成，即将跳转页面
[http-nio-8080-exec-35]  INFO	[2019-04-01 22:56:54,088]  com.club.db.dao.imp.DateBase.getCon(DateBase.java:22)  数据库驱动加载完成
[http-nio-8080-exec-35]  INFO	[2019-04-01 22:56:54,100]  com.club.db.dao.imp.DateBase.getCon(DateBase.java:28)  数据连接获取完成
[http-nio-8080-exec-39]  INFO	[2019-04-01 22:56:58,896]  com.club.db.dao.imp.DateBase.getCon(DateBase.java:22)  数据库驱动加载完成
[http-nio-8080-exec-39]  INFO	[2019-04-01 22:56:58,920]  com.club.db.dao.imp.DateBase.getCon(DateBase.java:28)  数据连接获取完成
[http-nio-8080-exec-32]  INFO	[2019-04-01 22:57:03,379]  com.club.db.dao.imp.DateBase.getCon(DateBase.java:22)  数据库驱动加载完成
[http-nio-8080-exec-32]  INFO	[2019-04-01 22:57:03,394]  com.club.db.dao.imp.DateBase.getCon(DateBase.java:28)  数据连接获取完成
[http-nio-8080-exec-32]  INFO	[2019-04-01 22:57:03,396]  com.club.servlet.Admin.service(Admin.java:55)  学生列表返回前端完成，即将跳转页面
[http-nio-8080-exec-42]  INFO	[2019-04-01 22:58:11,219]  com.club.db.dao.imp.DateBase.getCon(DateBase.java:22)  数据库驱动加载完成
[http-nio-8080-exec-42]  INFO	[2019-04-01 22:58:11,233]  com.club.db.dao.imp.DateBase.getCon(DateBase.java:28)  数据连接获取完成
[http-nio-8080-exec-42]  INFO	[2019-04-01 22:58:11,234]  com.club.servlet.Admin.service(Admin.java:55)  学生列表返回前端完成，即将跳转页面
[http-nio-8080-exec-41]  INFO	[2019-04-01 22:58:26,490]  com.club.db.dao.imp.DateBase.getCon(DateBase.java:22)  数据库驱动加载完成
[http-nio-8080-exec-41]  INFO	[2019-04-01 22:58:26,503]  com.club.db.dao.imp.DateBase.getCon(DateBase.java:28)  数据连接获取完成
[http-nio-8080-exec-52]  INFO	[2019-04-01 23:06:20,194]  com.club.servlet.Login.service(Login.java:55)  管理员登录请求
[http-nio-8080-exec-52]  INFO	[2019-04-01 23:06:20,219]  com.club.db.dao.imp.DateBase.getCon(DateBase.java:22)  数据库驱动加载完成
[http-nio-8080-exec-52]  INFO	[2019-04-01 23:06:20,620]  com.club.db.dao.imp.DateBase.getCon(DateBase.java:28)  数据连接获取完成
[http-nio-8080-exec-52]  INFO	[2019-04-01 23:06:20,706]  com.club.servlet.Login.service(Login.java:72)  管理员登录失败，回到首页
[http-nio-8080-exec-48]  INFO	[2019-04-01 23:06:32,040]  com.club.servlet.Login.service(Login.java:55)  管理员登录请求
[http-nio-8080-exec-48]  INFO	[2019-04-01 23:06:32,044]  com.club.db.dao.imp.DateBase.getCon(DateBase.java:22)  数据库驱动加载完成
[http-nio-8080-exec-48]  INFO	[2019-04-01 23:06:32,061]  com.club.db.dao.imp.DateBase.getCon(DateBase.java:28)  数据连接获取完成
[http-nio-8080-exec-48]  INFO	[2019-04-01 23:06:32,063]  com.club.servlet.Login.service(Login.java:65)  管理员登录成功
[http-nio-8080-exec-48]  INFO	[2019-04-01 23:06:32,063]  com.club.servlet.Login.service(Login.java:68)  管理员登录成功，页面跳转完成
[http-nio-8080-exec-53]  INFO	[2019-04-01 23:06:34,394]  com.club.db.dao.imp.DateBase.getCon(DateBase.java:22)  数据库驱动加载完成
[http-nio-8080-exec-53]  INFO	[2019-04-01 23:06:34,408]  com.club.db.dao.imp.DateBase.getCon(DateBase.java:28)  数据连接获取完成
[http-nio-8080-exec-53]  INFO	[2019-04-01 23:06:34,411]  com.club.servlet.Admin.service(Admin.java:55)  学生列表返回前端完成，即将跳转页面
[http-nio-8080-exec-54]  INFO	[2019-04-01 23:06:35,908]  com.club.servlet.Admin.service(Admin.java:61)  学院列表返回前端完成，即将跳转页面
[http-nio-8080-exec-56]  INFO	[2019-04-01 23:06:36,867]  com.club.servlet.Admin.service(Admin.java:66)  专业返回前端完成，即将跳转页面
[http-nio-8080-exec-57]  INFO	[2019-04-01 23:06:37,968]  com.club.servlet.AdminJump.service(AdminJump.java:48)  获取管理员页面跳转请求
[http-nio-8080-exec-57]  INFO	[2019-04-01 23:06:37,969]  com.club.servlet.AdminJump.service(AdminJump.java:57)  管理员/个人中心/修改密码:修改密码跳转完成
[http-nio-8080-exec-48]  INFO	[2019-04-01 23:06:38,949]  com.club.servlet.AdminJump.service(AdminJump.java:48)  获取管理员页面跳转请求
[http-nio-8080-exec-48]  INFO	[2019-04-01 23:06:38,957]  com.club.servlet.AdminJump.service(AdminJump.java:63)  管理员/个人中心/修改用户名:修改用户名 跳转完成
[http-nio-8080-exec-53]  INFO	[2019-04-01 23:06:42,736]  com.club.db.dao.imp.DateBase.getCon(DateBase.java:22)  数据库驱动加载完成
[http-nio-8080-exec-53]  INFO	[2019-04-01 23:06:42,752]  com.club.db.dao.imp.DateBase.getCon(DateBase.java:28)  数据连接获取完成
[http-nio-8080-exec-53]  INFO	[2019-04-01 23:06:42,900]  com.club.servlet.Admin.service(Admin.java:90)  管理员用户名修改成功,跳转到管理员首页
[http-nio-8080-exec-60]  INFO	[2019-04-01 23:07:00,664]  com.club.db.dao.imp.DateBase.getCon(DateBase.java:22)  数据库驱动加载完成
[http-nio-8080-exec-60]  INFO	[2019-04-01 23:07:00,688]  com.club.db.dao.imp.DateBase.getCon(DateBase.java:28)  数据连接获取完成
[http-nio-8080-exec-60]  INFO	[2019-04-01 23:07:00,689]  com.club.servlet.Admin.service(Admin.java:55)  学生列表返回前端完成，即将跳转页面
[http-nio-8080-exec-58]  INFO	[2019-04-01 23:07:07,602]  com.club.servlet.AdminStudentUpdate.service(AdminStudentUpdate.java:58)  1001
[http-nio-8080-exec-58]  INFO	[2019-04-01 23:07:07,604]  com.club.db.dao.imp.DateBase.getCon(DateBase.java:22)  数据库驱动加载完成
[http-nio-8080-exec-58]  INFO	[2019-04-01 23:07:07,628]  com.club.db.dao.imp.DateBase.getCon(DateBase.java:28)  数据连接获取完成
[http-nio-8080-exec-58]  INFO	[2019-04-01 23:07:07,630]  com.club.servlet.AdminStudentUpdate.service(AdminStudentUpdate.java:62)  学生信息修改完成，即将跳转页面
[http-nio-8080-exec-63]  INFO	[2019-04-01 23:10:18,913]  com.club.servlet.Login.service(Login.java:50)  社团
[http-nio-8080-exec-56]  INFO	[2019-04-01 23:10:22,270]  com.club.servlet.Login.service(Login.java:55)  管理员登录请求
[http-nio-8080-exec-56]  INFO	[2019-04-01 23:10:22,298]  com.club.db.dao.imp.DateBase.getCon(DateBase.java:22)  数据库驱动加载完成
[http-nio-8080-exec-56]  INFO	[2019-04-01 23:10:22,770]  com.club.db.dao.imp.DateBase.getCon(DateBase.java:28)  数据连接获取完成
[http-nio-8080-exec-56]  INFO	[2019-04-01 23:10:22,844]  com.club.servlet.Login.service(Login.java:65)  管理员登录成功
[http-nio-8080-exec-56]  INFO	[2019-04-01 23:10:22,844]  com.club.servlet.Login.service(Login.java:68)  管理员登录成功，页面跳转完成
[http-nio-8080-exec-59]  INFO	[2019-04-01 23:10:25,219]  com.club.db.dao.imp.DateBase.getCon(DateBase.java:22)  数据库驱动加载完成
[http-nio-8080-exec-59]  INFO	[2019-04-01 23:10:25,236]  com.club.db.dao.imp.DateBase.getCon(DateBase.java:28)  数据连接获取完成
[http-nio-8080-exec-59]  INFO	[2019-04-01 23:10:25,242]  com.club.servlet.Admin.service(Admin.java:55)  学生列表返回前端完成，即将跳转页面
[http-nio-8080-exec-58]  INFO	[2019-04-01 23:10:28,498]  com.club.servlet.AdminStudentUpdate.service(AdminStudentUpdate.java:58)  1001
[http-nio-8080-exec-58]  INFO	[2019-04-01 23:10:28,500]  com.club.db.dao.imp.DateBase.getCon(DateBase.java:22)  数据库驱动加载完成
[http-nio-8080-exec-58]  INFO	[2019-04-01 23:10:28,516]  com.club.db.dao.imp.DateBase.getCon(DateBase.java:28)  数据连接获取完成
[http-nio-8080-exec-58]  INFO	[2019-04-01 23:10:28,518]  com.club.servlet.AdminStudentUpdate.service(AdminStudentUpdate.java:62)  获取学生信息完成，即将跳转到修改页面
[http-nio-8080-exec-68]  INFO	[2019-04-01 23:12:51,340]  com.club.db.dao.imp.DateBase.getCon(DateBase.java:22)  数据库驱动加载完成
[http-nio-8080-exec-68]  INFO	[2019-04-01 23:12:51,355]  com.club.db.dao.imp.DateBase.getCon(DateBase.java:28)  数据连接获取完成
[http-nio-8080-exec-68]  INFO	[2019-04-01 23:12:51,357]  com.club.servlet.Admin.service(Admin.java:55)  学生列表返回前端完成，即将跳转页面
[http-nio-8080-exec-70]  INFO	[2019-04-01 23:12:59,573]  com.club.servlet.AdminStudentUpdate.service(AdminStudentUpdate.java:58)  1001
[http-nio-8080-exec-70]  INFO	[2019-04-01 23:12:59,576]  com.club.db.dao.imp.DateBase.getCon(DateBase.java:22)  数据库驱动加载完成
[http-nio-8080-exec-70]  INFO	[2019-04-01 23:12:59,586]  com.club.db.dao.imp.DateBase.getCon(DateBase.java:28)  数据连接获取完成
[http-nio-8080-exec-70]  INFO	[2019-04-01 23:12:59,588]  com.club.servlet.AdminStudentUpdate.service(AdminStudentUpdate.java:62)  获取学生信息完成，即将跳转到修改页面
[http-nio-8080-exec-72]  INFO	[2019-04-01 23:15:20,114]  com.club.db.dao.imp.DateBase.getCon(DateBase.java:22)  数据库驱动加载完成
[http-nio-8080-exec-72]  INFO	[2019-04-01 23:15:20,587]  com.club.db.dao.imp.DateBase.getCon(DateBase.java:28)  数据连接获取完成
[http-nio-8080-exec-72]  INFO	[2019-04-01 23:15:20,669]  com.club.servlet.Admin.service(Admin.java:55)  学生列表返回前端完成，即将跳转页面
[http-nio-8080-exec-73]  INFO	[2019-04-01 23:15:24,905]  com.club.servlet.AdminJump.service(AdminJump.java:48)  获取管理员页面跳转请求
[http-nio-8080-exec-73]  ERROR	[2019-04-01 23:15:24,905]  com.club.servlet.AdminJump.service(AdminJump.java:73)  页面跳转请求参数错误
[http-nio-8080-exec-69]  INFO	[2019-04-01 23:16:51,561]  com.club.db.dao.imp.DateBase.getCon(DateBase.java:22)  数据库驱动加载完成
[http-nio-8080-exec-69]  INFO	[2019-04-01 23:16:51,999]  com.club.db.dao.imp.DateBase.getCon(DateBase.java:28)  数据连接获取完成
[http-nio-8080-exec-69]  INFO	[2019-04-01 23:16:52,072]  com.club.servlet.Admin.service(Admin.java:55)  学生列表返回前端完成，即将跳转页面
[http-nio-8080-exec-65]  INFO	[2019-04-01 23:17:32,630]  com.club.db.dao.imp.DateBase.getCon(DateBase.java:22)  数据库驱动加载完成
[http-nio-8080-exec-65]  INFO	[2019-04-01 23:17:32,646]  com.club.db.dao.imp.DateBase.getCon(DateBase.java:28)  数据连接获取完成
[http-nio-8080-exec-65]  INFO	[2019-04-01 23:17:32,648]  com.club.servlet.Admin.service(Admin.java:55)  学生列表返回前端完成，即将跳转页面
[http-nio-8080-exec-68]  INFO	[2019-04-01 23:17:36,064]  com.club.servlet.AdminJump.service(AdminJump.java:48)  获取管理员页面跳转请求
[http-nio-8080-exec-68]  INFO	[2019-04-01 23:17:36,064]  com.club.servlet.AdminJump.service(AdminJump.java:75)  1001
[http-nio-8080-exec-68]  INFO	[2019-04-01 23:17:36,064]  com.club.db.dao.imp.DateBase.getCon(DateBase.java:22)  数据库驱动加载完成
[http-nio-8080-exec-68]  INFO	[2019-04-01 23:17:36,064]  com.club.db.dao.imp.DateBase.getCon(DateBase.java:28)  数据连接获取完成
[http-nio-8080-exec-68]  INFO	[2019-04-01 23:17:36,064]  com.club.servlet.AdminJump.service(AdminJump.java:79)  获取学生信息完成，即将跳转到修改页面
